<?xml version="1.0" encoding="UTF-8"?>
<testng-results ignored="2" total="3" passed="1" failed="0" skipped="0">
  <reporter-output>
  </reporter-output>
  <suite started-at="2018-05-18T09:54:43Z" name="Default suite" finished-at="2018-05-18T09:56:23Z" duration-ms="100323">
    <groups>
    </groups>
    <test started-at="2018-05-18T09:54:43Z" name="Default test" finished-at="2018-05-18T09:56:23Z" duration-ms="100323">
      <class name="com.appium.tests.Test2">
        <test-method is-config="true" signature="setup()[pri:0, instance:com.appium.tests.Test2@65987993]" started-at="2018-05-18T09:54:43Z" name="setup" finished-at="2018-05-18T09:55:20Z" duration-ms="37387" status="PASS">
          <reporter-output>
          </reporter-output>
        </test-method> <!-- setup -->
        <test-method signature="test_user_registration()[pri:0, instance:com.appium.tests.Test2@65987993]" started-at="2018-05-18T09:55:20Z" name="test_user_registration" finished-at="2018-05-18T09:56:18Z" duration-ms="58012" status="PASS">
          <reporter-output>
          </reporter-output>
        </test-method> <!-- test_user_registration -->
        <test-method is-config="true" signature="tearDown()[pri:0, instance:com.appium.tests.Test2@65987993]" started-at="2018-05-18T09:56:18Z" name="tearDown" finished-at="2018-05-18T09:56:23Z" duration-ms="4896" status="PASS">
          <reporter-output>
          </reporter-output>
        </test-method> <!-- tearDown -->
      </class> <!-- com.appium.tests.Test2 -->
    </test> <!-- Default test -->
  </suite> <!-- Default suite -->
</testng-results>
