<?xml version="1.0" encoding="UTF-8"?>
<testng-results total="1" passed="1" failed="0" skipped="0">
  <reporter-output>
    <line>
      <![CDATA[Sign in button is visible]]>
    </line>
    <line>
      <![CDATA[Phone no. field is visible]]>
    </line>
    <line>
      <![CDATA[Password field is visible]]>
    </line>
    <line>
      <![CDATA[Actual title matches our expected title.]]>
    </line>
    <line>
      <![CDATA[Sign in button is visible]]>
    </line>
    <line>
      <![CDATA[Phone no. field is visible]]>
    </line>
    <line>
      <![CDATA[Password field is visible]]>
    </line>
    <line>
      <![CDATA[Error message cound not be detected]]>
    </line>
  </reporter-output>
  <suite started-at="2018-06-01T12:32:22Z" name="Default suite" finished-at="2018-06-01T12:32:45Z" duration-ms="23354">
    <groups>
      <group name="cucumber">
        <method signature="AbstractTestNGCucumberTests.feature(cucumber.api.testng.CucumberFeatureWrapper)[pri:0, instance:com.cowork.runner.TestRunner@28f3b248]" name="feature" class="cucumber.api.testng.AbstractTestNGCucumberTests"/>
      </group> <!-- cucumber -->
    </groups>
    <test started-at="2018-06-01T12:32:22Z" name="Default test" finished-at="2018-06-01T12:32:45Z" duration-ms="23354">
      <class name="com.cowork.runner.TestRunner">
        <test-method is-config="true" signature="setUpClass()[pri:0, instance:com.cowork.runner.TestRunner@28f3b248]" started-at="2018-06-01T18:02:22Z" name="setUpClass" finished-at="2018-06-01T18:02:22Z" duration-ms="434" status="PASS">
          <reporter-output>
          </reporter-output>
        </test-method> <!-- setUpClass -->
        <test-method is-config="true" signature="preCondition()[pri:0, instance:com.cowork.runner.TestRunner@28f3b248]" started-at="2018-06-01T18:02:23Z" name="preCondition" finished-at="2018-06-01T18:02:33Z" duration-ms="10026" status="PASS">
          <reporter-output>
          </reporter-output>
        </test-method> <!-- preCondition -->
        <test-method signature="feature(cucumber.api.testng.CucumberFeatureWrapper)[pri:0, instance:com.cowork.runner.TestRunner@28f3b248]" started-at="2018-06-01T18:02:33Z" name="feature" description="Runs Cucumber Feature" data-provider="features" finished-at="2018-06-01T18:02:45Z" duration-ms="12162" status="PASS">
          <params>
            <param index="0">
              <value>
                <![CDATA[Co-work Application]]>
              </value>
            </param>
          </params>
          <reporter-output>
            <line>
              <![CDATA[Sign in button is visible]]>
            </line>
            <line>
              <![CDATA[Phone no. field is visible]]>
            </line>
            <line>
              <![CDATA[Password field is visible]]>
            </line>
            <line>
              <![CDATA[Actual title matches our expected title.]]>
            </line>
            <line>
              <![CDATA[Sign in button is visible]]>
            </line>
            <line>
              <![CDATA[Phone no. field is visible]]>
            </line>
            <line>
              <![CDATA[Password field is visible]]>
            </line>
            <line>
              <![CDATA[Error message cound not be detected]]>
            </line>
          </reporter-output>
        </test-method> <!-- feature -->
        <test-method is-config="true" signature="tearDownClass()[pri:0, instance:com.cowork.runner.TestRunner@28f3b248]" started-at="2018-06-01T18:02:45Z" name="tearDownClass" finished-at="2018-06-01T18:02:45Z" duration-ms="600" status="PASS">
          <reporter-output>
          </reporter-output>
        </test-method> <!-- tearDownClass -->
      </class> <!-- com.cowork.runner.TestRunner -->
    </test> <!-- Default test -->
  </suite> <!-- Default suite -->
</testng-results>
