<?xml version="1.0" encoding="UTF-8"?>
<!-- Generated by org.testng.reporters.JUnitXMLReporter -->
<testsuite ignored="2" hostname="GW-DK-031.local" failures="0" tests="1" name="Default test" time="100.323" errors="0" timestamp="18 May 2018 09:56:24 GMT">
  <testcase classname="com.appium.tests.Test2" name="test_user_registration" time="58.012"/>
  <testcase classname="com.appium.tests.Test2" name="test_webview_for_html" time="0.0">
    <ignored/>
  </testcase> <!-- test_webview_for_html -->
  <testcase classname="com.appium.tests.Test2" name="test_webview_for_hello_user" time="0.0">
    <ignored/>
  </testcase> <!-- test_webview_for_hello_user -->
</testsuite> <!-- Default test -->
